<?xml version="1.0" encoding="UTF-8"?>
<!-- Generated by org.testng.reporters.JUnitXMLReporter -->
<testsuite hostname="DESKTOP-2JS3099" ignored="0" name="Test" tests="2" failures="1" timestamp="07 Jan 2020 19:53:24 GMT" time="20.407" errors="0">
  <testcase name="loginAdminPage" time="15.848" classname="tests.AdminLogin"/>
  <testcase name="logoutAdminPage" time="0.0" classname="tests.AdminLogout">
    <failure type="org.testng.TestNGException" message="
Cannot inject @Test annotated Method [logoutAdminPage] with [interface org.openqa.selenium.WebDriver].
For more information on native dependency injection please refer to http://testng.org/doc/documentation-main.html#native-dependency-injection">
      <![CDATA[org.testng.TestNGException: 
Cannot inject @Test annotated Method [logoutAdminPage] with [interface org.openqa.selenium.WebDriver].
For more information on native dependency injection please refer to http://testng.org/doc/documentation-main.html#native-dependency-injection
... Removed 24 stack frames]]>
    </failure>
  </testcase> <!-- logoutAdminPage -->
</testsuite> <!-- Test -->
